15:59:56 **** Incremental Build of configuration Nios II for project lab9_vga ****
make all 
Info: Building ../lab9_vga_bsp/
D:/intelFPGA_lite/18.0/nios2eds/bin/gnu/H-x86_64-mingw32/bin/make --no-print-directory -C ../lab9_vga_bsp/
[BSP build complete]
Info: Compiling main.c to obj/default/main.o
nios2-elf-gcc -xc -MP -MMD -c -I../lab9_vga_bsp//HAL/inc -I../lab9_vga_bsp/ -I../lab9_vga_bsp//drivers/inc  -pipe -D__hal__ -DALT_NO_INSTRUCTION_EMULATION -DALT_SINGLE_THREADED    -O0 -g -Wall   -mno-hw-div -mno-hw-mul -mno-hw-mulx -mgpopt=global  -o obj/default/main.o main.c
In file included from text_mode_vga.h:13:0,
                 from main.c:1:
../lab9_vga_bsp/system.h:185:41: warning: initialization makes pointer from integer without a cast [-Wint-conversion]
 #define VGA_TEXT_MODE_CONTROLLER_0_BASE 0x10000000
                                         ^
text_mode_vga.h:36:52: note: in expansion of macro 'VGA_TEXT_MODE_CONTROLLER_0_BASE'
 static volatile struct TEXT_VGA_STRUCT* vga_ctrl = VGA_TEXT_MODE_CONTROLLER_0_BASE;
                                                    ^
In file included from main.c:1:0:
text_mode_vga.h:36:41: warning: 'vga_ctrl' defined but not used [-Wunused-variable]
 static volatile struct TEXT_VGA_STRUCT* vga_ctrl = VGA_TEXT_MODE_CONTROLLER_0_BASE;
                                         ^
Info: Linking lab9_vga.elf
nios2-elf-g++  -T'../lab9_vga_bsp//linker.x' -msys-crt0='../lab9_vga_bsp//obj/HAL/src/crt0.o' -msys-lib=hal_bsp -L../lab9_vga_bsp/   -Wl,-Map=lab9_vga.map   -O0 -g -Wall   -mno-hw-div -mno-hw-mul -mno-hw-mulx -mgpopt=global  -o lab9_vga.elf obj/default/main.o obj/default/text_mode_vga.o -lm -msys-lib=m
nios2-elf-insert lab9_vga.elf --thread_model hal --cpu_name nios2_gen2_0 --qsys true --simulation_enabled false --stderr_dev jtag_uart_0 --stdin_dev jtag_uart_0 --stdout_dev jtag_uart_0 --sopc_system_name lab9_soc --quartus_project_dir "C:/Users/FRED/Desktop/lab9/lab9/circuit" --jdi ../..//output_files/lab9.jdi --sopcinfo C:/Users/FRED/Desktop/lab9/lab9/circuit/software/lab9_vga_bsp/../../lab9_soc.sopcinfo
Info: (lab9_vga.elf) 72 KBytes program size (code + initialized data).
Info:                130993 KBytes free for stack + heap.
Info: Creating lab9_vga.objdump
nios2-elf-objdump --disassemble --syms --all-header --source lab9_vga.elf >lab9_vga.objdump
[lab9_vga build complete]

16:00:00 Build Finished (took 3s.536ms)

